c:\users\top2\desktop\-_al-main\игра смерть\x64\debug\vc143.pdb
c:\users\top2\desktop\-_al-main\игра смерть\x64\debug\vc143.idb
c:\users\top2\desktop\-_al-main\игра смерть\x64\debug\main.obj
c:\users\top2\desktop\-_al-main\игра смерть\x64\debug\class_pole.obj
c:\users\top2\desktop\-_al-main\x64\debug\игра смерть.pdb
c:\users\top2\desktop\-_al-main\игра смерть\x64\debug\игра смерть.tlog\cl.command.1.tlog
c:\users\top2\desktop\-_al-main\игра смерть\x64\debug\игра смерть.tlog\cl.items.tlog
c:\users\top2\desktop\-_al-main\игра смерть\x64\debug\игра смерть.tlog\cl.read.1.tlog
c:\users\top2\desktop\-_al-main\игра смерть\x64\debug\игра смерть.tlog\cl.write.1.tlog
c:\users\top2\desktop\-_al-main\игра смерть\x64\debug\игра смерть.tlog\link-cvtres.read.1.tlog
c:\users\top2\desktop\-_al-main\игра смерть\x64\debug\игра смерть.tlog\link-cvtres.write.1.tlog
c:\users\top2\desktop\-_al-main\игра смерть\x64\debug\игра смерть.tlog\link-rc.read.1.tlog
c:\users\top2\desktop\-_al-main\игра смерть\x64\debug\игра смерть.tlog\link-rc.write.1.tlog
c:\users\top2\desktop\-_al-main\игра смерть\x64\debug\игра смерть.tlog\link.12676-cvtres.read.1.tlog
c:\users\top2\desktop\-_al-main\игра смерть\x64\debug\игра смерть.tlog\link.12676-cvtres.write.1.tlog
c:\users\top2\desktop\-_al-main\игра смерть\x64\debug\игра смерть.tlog\link.12676-rc.read.1.tlog
c:\users\top2\desktop\-_al-main\игра смерть\x64\debug\игра смерть.tlog\link.12676-rc.write.1.tlog
c:\users\top2\desktop\-_al-main\игра смерть\x64\debug\игра смерть.tlog\link.12676.read.1.tlog
c:\users\top2\desktop\-_al-main\игра смерть\x64\debug\игра смерть.tlog\link.12676.read.2.tlog
c:\users\top2\desktop\-_al-main\игра смерть\x64\debug\игра смерть.tlog\link.12676.write.1.tlog
c:\users\top2\desktop\-_al-main\игра смерть\x64\debug\игра смерть.tlog\link.command.1.tlog
c:\users\top2\desktop\-_al-main\игра смерть\x64\debug\игра смерть.tlog\link.read.1.tlog
c:\users\top2\desktop\-_al-main\игра смерть\x64\debug\игра смерть.tlog\link.read.2.tlog
c:\users\top2\desktop\-_al-main\игра смерть\x64\debug\игра смерть.tlog\link.secondary.1.tlog
c:\users\top2\desktop\-_al-main\игра смерть\x64\debug\игра смерть.tlog\link.write.1.tlog
