  main.cpp
C:\Users\Top2\Desktop\-_AL-main\игра СМЕРТЬ\Class_item.h(71,3): error C2059: синтаксическая ошибка: )
  (компиляция исходного файла "main.cpp")
  
C:\Users\Top2\Desktop\-_AL-main\игра СМЕРТЬ\Class_item.h(71,5): error C2334: непредвиденные лексемы перед ":"; пропуск вероятного тела функции
  (компиляция исходного файла "main.cpp")
  
C:\Users\Top2\Desktop\-_AL-main\игра СМЕРТЬ\Class_item.h(117,21): error C2011: Burning_Sword::Health_Potion: переопределение типа "class"
  (компиляция исходного файла "main.cpp")
  C:\Users\Top2\Desktop\-_AL-main\игра СМЕРТЬ\Class_item.h(104,7):
   см. объявление "Burning_Sword::Health_Potion"
  
C:\Program Files\Microsoft Visual Studio\2022\Community\VC\Tools\MSVC\14.38.33130\include\xlocmon(20,1): error C2059: синтаксическая ошибка: namespace
  (компиляция исходного файла "main.cpp")
  
C:\Program Files\Microsoft Visual Studio\2022\Community\VC\Tools\MSVC\14.38.33130\include\xlocmon(20,1): error C2334: непредвиденные лексемы перед "{"; пропуск вероятного тела функции
  (компиляция исходного файла "main.cpp")
  
C:\Program Files\Microsoft Visual Studio\2022\Community\VC\Tools\MSVC\14.38.33130\include\xloctime(21,1): error C2059: синтаксическая ошибка: namespace
  (компиляция исходного файла "main.cpp")
  
C:\Program Files\Microsoft Visual Studio\2022\Community\VC\Tools\MSVC\14.38.33130\include\xloctime(21,1): error C2334: непредвиденные лексемы перед "{"; пропуск вероятного тела функции
  (компиляция исходного файла "main.cpp")
  
C:\Program Files\Microsoft Visual Studio\2022\Community\VC\Tools\MSVC\14.38.33130\include\iomanip(22,1): error C2059: синтаксическая ошибка: namespace
  (компиляция исходного файла "main.cpp")
  
C:\Program Files\Microsoft Visual Studio\2022\Community\VC\Tools\MSVC\14.38.33130\include\iomanip(22,1): error C2334: непредвиденные лексемы перед "{"; пропуск вероятного тела функции
  (компиляция исходного файла "main.cpp")
  
C:\Program Files\Microsoft Visual Studio\2022\Community\VC\Tools\MSVC\14.38.33130\include\__msvc_filebuf.hpp(27,1): error C2059: синтаксическая ошибка: namespace
  (компиляция исходного файла "main.cpp")
  
C:\Program Files\Microsoft Visual Studio\2022\Community\VC\Tools\MSVC\14.38.33130\include\__msvc_filebuf.hpp(27,1): error C2334: непредвиденные лексемы перед "{"; пропуск вероятного тела функции
  (компиляция исходного файла "main.cpp")
  
C:\Program Files\Microsoft Visual Studio\2022\Community\VC\Tools\MSVC\14.38.33130\include\fstream(20,1): error C2059: синтаксическая ошибка: namespace
  (компиляция исходного файла "main.cpp")
  
C:\Program Files\Microsoft Visual Studio\2022\Community\VC\Tools\MSVC\14.38.33130\include\fstream(20,1): error C2334: непредвиденные лексемы перед "{"; пропуск вероятного тела функции
  (компиляция исходного файла "main.cpp")
  
C:\Users\Top2\Desktop\-_AL-main\игра СМЕРТЬ\Class_pole.h(18,16): error C2079: "Burning_Sword::Total_pole::file" использует не имеющую определения структуру class "std::basic_ifstream<char,std::char_traits<char>>"
  (компиляция исходного файла "main.cpp")
  
C:\Users\Top2\Desktop\-_AL-main\игра СМЕРТЬ\Class_pole.h(178,20): error C2838: "player": недопустимое полное имя в объявлении члена
  (компиляция исходного файла "main.cpp")
  
C:\Users\Top2\Desktop\-_AL-main\игра СМЕРТЬ\main.cpp(5,18): error C2061: синтаксическая ошибка: идентификатор "name"
C:\Users\Top2\Desktop\-_AL-main\игра СМЕРТЬ\main.cpp(53,1): error C1004: непредвиденное обнаружение конца файла
